[2026-02-14T22:05:02.702Z] [INFO] [APP] ═══════════════════════════════════════
[2026-02-14T22:05:02.706Z] [INFO] [APP]   Looty Panel - Minecraft Server Manager
[2026-02-14T22:05:02.707Z] [INFO] [APP] ═══════════════════════════════════════
[2026-02-14T22:05:02.733Z] [INFO] [DB] Database loaded from disk
[2026-02-14T22:05:02.759Z] [INFO] [DB] Database initialized
[2026-02-14T22:05:02.865Z] [INFO] [CERTS] Generating self-signed SSL certificate...
[2026-02-14T22:05:03.025Z] [INFO] [CERTS] Self-signed SSL certificate generated successfully
[2026-02-14T22:05:03.059Z] [INFO] [SCHEDULER] Loaded 0 scheduled tasks
[2026-02-14T22:05:03.064Z] [INFO] [APP] HTTP server running on http://localhost:3000
[2026-02-14T22:05:03.066Z] [INFO] [APP] HTTPS server running on https://localhost:3443
[2026-02-14T22:16:28.422Z] [INFO] [APP] ═══════════════════════════════════════
[2026-02-14T22:16:28.425Z] [INFO] [APP]   Looty Panel - Minecraft Server Manager
[2026-02-14T22:16:28.426Z] [INFO] [APP] ═══════════════════════════════════════
[2026-02-14T22:16:28.446Z] [INFO] [DB] Database loaded from disk
[2026-02-14T22:16:28.472Z] [INFO] [DB] Database initialized
[2026-02-14T22:16:28.579Z] [INFO] [CERTS] SSL certificates already exist
[2026-02-14T22:16:28.632Z] [INFO] [SCHEDULER] Loaded 0 scheduled tasks
[2026-02-14T22:18:11.250Z] [INFO] [APP] ═══════════════════════════════════════
[2026-02-14T22:18:11.253Z] [INFO] [APP]   Looty Panel - Minecraft Server Manager
[2026-02-14T22:18:11.253Z] [INFO] [APP] ═══════════════════════════════════════
[2026-02-14T22:18:11.269Z] [INFO] [DB] Database loaded from disk
[2026-02-14T22:18:11.288Z] [INFO] [DB] Database initialized
[2026-02-14T22:18:11.377Z] [INFO] [CERTS] SSL certificates already exist
[2026-02-14T22:18:11.421Z] [INFO] [SCHEDULER] Loaded 0 scheduled tasks
[2026-02-14T22:18:11.424Z] [INFO] [APP] HTTPS server running on https://localhost:3443
[2026-02-14T22:18:11.427Z] [INFO] [APP] HTTP server running on http://localhost:3000
[2026-02-14T22:18:30.470Z] [INFO] [APP] ═══════════════════════════════════════
[2026-02-14T22:18:30.472Z] [INFO] [APP]   Looty Panel - Minecraft Server Manager
[2026-02-14T22:18:30.473Z] [INFO] [APP] ═══════════════════════════════════════
[2026-02-14T22:18:30.489Z] [INFO] [DB] Database loaded from disk
[2026-02-14T22:18:30.507Z] [INFO] [DB] Database initialized
[2026-02-14T22:18:30.591Z] [INFO] [CERTS] SSL certificates already exist
[2026-02-14T22:18:30.631Z] [INFO] [SCHEDULER] Loaded 0 scheduled tasks
[2026-02-14T22:18:30.635Z] [INFO] [APP] HTTPS server running on https://localhost:3443
[2026-02-14T22:18:30.637Z] [INFO] [APP] HTTP server running on http://localhost:3000
[2026-02-14T22:18:35.716Z] [INFO] [APP] ═══════════════════════════════════════
[2026-02-14T22:18:35.721Z] [INFO] [APP]   Looty Panel - Minecraft Server Manager
[2026-02-14T22:18:35.722Z] [INFO] [APP] ═══════════════════════════════════════
[2026-02-14T22:18:35.738Z] [INFO] [DB] Database loaded from disk
[2026-02-14T22:18:35.760Z] [INFO] [DB] Database initialized
[2026-02-14T22:18:35.875Z] [INFO] [CERTS] SSL certificates already exist
[2026-02-14T22:18:35.929Z] [INFO] [SCHEDULER] Loaded 0 scheduled tasks
[2026-02-14T22:18:35.934Z] [INFO] [APP] HTTP server running on http://localhost:3000
[2026-02-14T22:18:35.938Z] [INFO] [APP] HTTPS server running on https://localhost:3443
[2026-02-14T22:18:45.878Z] [INFO] [APP] Shutting down...
[2026-02-14T22:19:39.020Z] [INFO] [APP] ═══════════════════════════════════════
[2026-02-14T22:19:39.024Z] [INFO] [APP]   Looty Panel - Minecraft Server Manager
[2026-02-14T22:19:39.025Z] [INFO] [APP] ═══════════════════════════════════════
[2026-02-14T22:19:39.043Z] [INFO] [DB] New database created
[2026-02-14T22:19:39.086Z] [INFO] [DB] Database initialized
[2026-02-14T22:19:39.190Z] [INFO] [CERTS] SSL certificates already exist
[2026-02-14T22:19:39.219Z] [INFO] [SCHEDULER] Loaded 0 scheduled tasks
[2026-02-14T22:19:39.223Z] [INFO] [APP] HTTP server running on http://localhost:3000
[2026-02-14T22:19:39.225Z] [INFO] [APP] HTTPS server running on https://localhost:3443
[2026-02-14T22:21:16.206Z] [INFO] [APP] Shutting down...
[2026-02-14T22:21:23.772Z] [INFO] [APP] ═══════════════════════════════════════
[2026-02-14T22:21:23.775Z] [INFO] [APP]   Looty Panel - Minecraft Server Manager
[2026-02-14T22:21:23.775Z] [INFO] [APP] ═══════════════════════════════════════
[2026-02-14T22:21:23.788Z] [INFO] [DB] New database created
[2026-02-14T22:21:23.827Z] [INFO] [DB] Database initialized
[2026-02-14T22:21:23.927Z] [INFO] [CERTS] SSL certificates already exist
[2026-02-14T22:21:23.965Z] [INFO] [SCHEDULER] Loaded 0 scheduled tasks
[2026-02-14T22:21:23.968Z] [INFO] [APP] HTTP server running on http://localhost:3000
[2026-02-14T22:21:23.970Z] [INFO] [APP] HTTPS server running on https://localhost:3443
[2026-02-14T22:22:41.210Z] [INFO] [APP] Shutting down...
[2026-02-14T22:25:45.589Z] [INFO] [APP] ═══════════════════════════════════════
[2026-02-14T22:25:45.593Z] [INFO] [APP]   Looty Panel - Minecraft Server Manager
[2026-02-14T22:25:45.594Z] [INFO] [APP] ═══════════════════════════════════════
[2026-02-14T22:25:45.610Z] [INFO] [DB] New database created
[2026-02-14T22:25:45.652Z] [INFO] [DB] Database initialized
[2026-02-14T22:25:45.747Z] [INFO] [CERTS] SSL certificates already exist
[2026-02-14T22:25:45.785Z] [INFO] [SCHEDULER] Loaded 0 scheduled tasks
[2026-02-14T22:25:45.788Z] [INFO] [APP] HTTPS server running on https://localhost:3443
[2026-02-14T22:25:45.791Z] [INFO] [APP] HTTP server running on http://localhost:3000
[2026-02-14T22:26:10.024Z] [WARN] [AUTH] 401 on GET /api/servers: User 0 not found
[2026-02-14T22:26:10.027Z] [WARN] [AUTH] 401 on GET /api/system/info: User 0 not found
[2026-02-14T22:28:33.312Z] [INFO] [APP] ═══════════════════════════════════════
[2026-02-14T22:28:33.326Z] [INFO] [APP]   Looty Panel - Minecraft Server Manager
[2026-02-14T22:28:33.330Z] [INFO] [APP] ═══════════════════════════════════════
[2026-02-14T22:28:33.366Z] [INFO] [DB] New database created
[2026-02-14T22:28:33.430Z] [INFO] [DB] Database initialized
[2026-02-14T22:28:33.605Z] [INFO] [CERTS] SSL certificates already exist
[2026-02-14T22:28:33.678Z] [INFO] [SCHEDULER] Loaded 0 scheduled tasks
[2026-02-14T22:28:38.912Z] [INFO] [APP] Shutting down...
[2026-02-14T22:28:50.443Z] [INFO] [APP] ═══════════════════════════════════════
[2026-02-14T22:28:50.448Z] [INFO] [APP]   Looty Panel - Minecraft Server Manager
[2026-02-14T22:28:50.448Z] [INFO] [APP] ═══════════════════════════════════════
[2026-02-14T22:28:50.474Z] [INFO] [DB] New database created
[2026-02-14T22:28:50.523Z] [INFO] [DB] Database initialized
[2026-02-14T22:28:50.651Z] [INFO] [CERTS] SSL certificates already exist
[2026-02-14T22:28:50.717Z] [INFO] [SCHEDULER] Loaded 0 scheduled tasks
[2026-02-14T22:28:50.721Z] [INFO] [APP] HTTPS server running on https://localhost:3443
[2026-02-14T22:28:50.723Z] [INFO] [APP] HTTP server running on http://localhost:3000
[2026-02-14T22:30:26.839Z] [INFO] [APP] ═══════════════════════════════════════
[2026-02-14T22:30:26.842Z] [INFO] [APP]   Looty Panel - Minecraft Server Manager
[2026-02-14T22:30:26.843Z] [INFO] [APP] ═══════════════════════════════════════
[2026-02-14T22:30:26.860Z] [INFO] [DB] New database created
[2026-02-14T22:30:26.895Z] [INFO] [DB] Database initialized
[2026-02-14T22:30:26.986Z] [INFO] [CERTS] SSL certificates already exist
[2026-02-14T22:30:27.015Z] [INFO] [SCHEDULER] Loaded 0 scheduled tasks
[2026-02-14T22:30:27.018Z] [INFO] [APP] HTTP server running on http://localhost:3000
[2026-02-14T22:30:27.020Z] [INFO] [APP] HTTPS server running on https://localhost:3443
[2026-02-14T22:36:04.122Z] [INFO] [APP] Shutting down...
[2026-02-14T22:36:05.763Z] [INFO] [APP] ═══════════════════════════════════════
[2026-02-14T22:36:05.767Z] [INFO] [APP]   Looty Panel - Minecraft Server Manager
[2026-02-14T22:36:05.768Z] [INFO] [APP] ═══════════════════════════════════════
[2026-02-14T22:36:05.784Z] [INFO] [DB] Database loaded from disk
[2026-02-14T22:36:05.813Z] [INFO] [DB] Database initialized
[2026-02-14T22:36:05.921Z] [INFO] [CERTS] SSL certificates already exist
[2026-02-14T22:36:05.956Z] [INFO] [SCHEDULER] Loaded 0 scheduled tasks
[2026-02-14T22:36:05.959Z] [INFO] [APP] HTTPS server running on https://localhost:3443
[2026-02-14T22:36:05.964Z] [INFO] [APP] HTTP server running on http://localhost:3000
[2026-02-14T22:41:12.011Z] [INFO] [APP] Shutting down...
[2026-02-14T22:41:14.078Z] [INFO] [APP] ═══════════════════════════════════════
[2026-02-14T22:41:14.083Z] [INFO] [APP]   Looty Panel - Minecraft Server Manager
[2026-02-14T22:41:14.087Z] [INFO] [APP] ═══════════════════════════════════════
[2026-02-14T22:41:14.120Z] [INFO] [DB] Database loaded from disk
[2026-02-14T22:41:14.160Z] [INFO] [DB] Database initialized
[2026-02-14T22:41:14.258Z] [INFO] [CERTS] SSL certificates already exist
[2026-02-14T22:41:14.294Z] [INFO] [SCHEDULER] Loaded 0 scheduled tasks
[2026-02-14T22:41:14.299Z] [INFO] [APP] HTTPS server running on https://localhost:3443
[2026-02-14T22:41:14.302Z] [INFO] [APP] HTTP server running on http://localhost:3000
[2026-02-14T22:41:48.300Z] [INFO] [JAR] Downloading paper 1.21.11...
[2026-02-14T22:41:50.299Z] [ERROR] [ROUTE] Create server error "table servers has no column named created_by"
[2026-02-14T22:42:28.359Z] [INFO] [APP] Shutting down...
[2026-02-14T22:42:33.996Z] [INFO] [APP] ═══════════════════════════════════════
[2026-02-14T22:42:34.001Z] [INFO] [APP]   Looty Panel - Minecraft Server Manager
[2026-02-14T22:42:34.002Z] [INFO] [APP] ═══════════════════════════════════════
[2026-02-14T22:42:34.018Z] [INFO] [DB] Database loaded from disk
[2026-02-14T22:42:34.058Z] [INFO] [DB] Added created_by column to servers
[2026-02-14T22:42:34.068Z] [INFO] [DB] Database initialized
[2026-02-14T22:42:34.232Z] [INFO] [CERTS] SSL certificates already exist
[2026-02-14T22:42:34.399Z] [INFO] [SCHEDULER] Loaded 0 scheduled tasks
[2026-02-14T22:42:34.409Z] [INFO] [APP] HTTP server running on http://localhost:3000
[2026-02-14T22:42:34.412Z] [INFO] [APP] HTTPS server running on https://localhost:3443
[2026-02-14T22:42:37.459Z] [INFO] [JAR] Downloading paper 1.21.11...
[2026-02-14T22:42:53.745Z] [INFO] [SERVER] Starting server Lootvoot (ID: 1)
[2026-02-14T22:43:37.777Z] [INFO] [SERVER] Server Lootvoot is now running
[2026-02-14T22:55:20.149Z] [INFO] [APP] Shutting down...
[2026-02-14T22:55:20.154Z] [INFO] [SERVER] Stopping server 1
[2026-02-14T22:55:20.359Z] [INFO] [APP] Shutting down...
[2026-02-14T22:55:20.361Z] [INFO] [SERVER] Stopping server 1
[2026-02-14T23:01:10.970Z] [INFO] [APP] ═══════════════════════════════════════
[2026-02-14T23:01:10.974Z] [INFO] [APP]   Looty Panel - Minecraft Server Manager
[2026-02-14T23:01:10.975Z] [INFO] [APP] ═══════════════════════════════════════
[2026-02-14T23:01:10.996Z] [INFO] [DB] Database loaded from disk
[2026-02-14T23:01:11.030Z] [INFO] [DB] Database initialized
[2026-02-14T23:01:11.140Z] [INFO] [CERTS] SSL certificates already exist
[2026-02-14T23:01:11.197Z] [INFO] [SCHEDULER] Loaded 0 scheduled tasks
[2026-02-14T23:01:11.204Z] [INFO] [APP] HTTPS server running on https://localhost:3443
[2026-02-14T23:01:11.208Z] [INFO] [APP] HTTP server running on http://localhost:3000
[2026-02-14T23:06:57.890Z] [INFO] [APP] Shutting down...
[2026-02-14T23:07:01.282Z] [INFO] [APP] ═══════════════════════════════════════
[2026-02-14T23:07:01.287Z] [INFO] [APP]   Looty Panel - Minecraft Server Manager
[2026-02-14T23:07:01.288Z] [INFO] [APP] ═══════════════════════════════════════
[2026-02-14T23:07:01.311Z] [INFO] [DB] Database loaded from disk
[2026-02-14T23:07:01.353Z] [INFO] [DB] Database initialized
[2026-02-14T23:07:01.469Z] [INFO] [CERTS] SSL certificates already exist
[2026-02-14T23:07:01.529Z] [INFO] [SCHEDULER] Loaded 0 scheduled tasks
[2026-02-14T23:07:01.535Z] [INFO] [APP] HTTPS server running on https://localhost:3443
[2026-02-14T23:07:01.538Z] [INFO] [APP] HTTP server running on http://localhost:3000
[2026-02-14T23:07:03.541Z] [INFO] [SERVER] Auto-starting server: Lootvoot
[2026-02-14T23:07:03.545Z] [INFO] [SERVER] Starting server Lootvoot (ID: 1)
[2026-02-14T23:07:23.168Z] [INFO] [SERVER] Server Lootvoot is now running
[2026-02-14T23:09:06.963Z] [WARN] [DAEMON] sc create failed, requires admin privileges
[2026-02-14T23:17:56.265Z] [INFO] [APP] Shutting down...
[2026-02-14T23:17:56.269Z] [INFO] [SERVER] Stopping server 1
[2026-02-14T23:17:56.479Z] [INFO] [APP] Shutting down...
[2026-02-14T23:17:56.481Z] [INFO] [SERVER] Stopping server 1
[2026-02-14T23:22:30.105Z] [INFO] [APP] ═══════════════════════════════════════
[2026-02-14T23:22:30.111Z] [INFO] [APP]   Looty Panel - Minecraft Server Manager
[2026-02-14T23:22:30.112Z] [INFO] [APP] ═══════════════════════════════════════
[2026-02-14T23:22:30.133Z] [INFO] [DB] Database loaded from disk
[2026-02-14T23:22:30.180Z] [INFO] [DB] Database initialized
[2026-02-14T23:22:30.309Z] [INFO] [CERTS] SSL certificates already exist
[2026-02-14T23:22:30.353Z] [INFO] [SCHEDULER] Loaded 0 scheduled tasks
[2026-02-14T23:22:30.357Z] [INFO] [APP] HTTP server running on http://localhost:3000
[2026-02-14T23:22:30.360Z] [INFO] [APP] HTTPS server running on https://localhost:3443
[2026-02-14T23:22:32.358Z] [INFO] [SERVER] Auto-starting server: Lootvoot
[2026-02-14T23:22:32.360Z] [INFO] [SERVER] Starting server Lootvoot (ID: 1)
[2026-02-14T23:22:51.060Z] [INFO] [SERVER] Server Lootvoot is now running
[2026-02-14T23:35:13.593Z] [INFO] [APP] Shutting down...
[2026-02-14T23:35:13.596Z] [INFO] [SERVER] Stopping server 1
[2026-02-14T23:35:13.802Z] [INFO] [APP] Shutting down...
[2026-02-14T23:35:13.804Z] [INFO] [SERVER] Stopping server 1
[2026-02-14T23:35:15.560Z] [INFO] [APP] ═══════════════════════════════════════
[2026-02-14T23:35:15.564Z] [INFO] [APP]   Looty Panel - Minecraft Server Manager
[2026-02-14T23:35:15.566Z] [INFO] [APP] ═══════════════════════════════════════
[2026-02-14T23:35:15.583Z] [INFO] [DB] Database loaded from disk
[2026-02-14T23:35:15.609Z] [INFO] [DB] Database initialized
[2026-02-14T23:35:15.740Z] [INFO] [CERTS] SSL certificates already exist
[2026-02-14T23:35:15.787Z] [INFO] [SCHEDULER] Loaded 0 scheduled tasks
[2026-02-14T23:35:15.792Z] [INFO] [APP] HTTP server running on http://localhost:3000
[2026-02-14T23:35:15.796Z] [INFO] [APP] HTTPS server running on https://localhost:3443
[2026-02-14T23:35:17.789Z] [INFO] [SERVER] Auto-starting server: Lootvoot
[2026-02-14T23:35:17.793Z] [INFO] [SERVER] Starting server Lootvoot (ID: 1)
[2026-02-14T23:35:38.990Z] [INFO] [SERVER] Server Lootvoot is now running
[2026-02-14T23:54:18.501Z] [INFO] [APP] Shutting down...
[2026-02-14T23:54:18.504Z] [INFO] [SERVER] Stopping server 1
[2026-02-14T23:54:18.691Z] [INFO] [APP] Shutting down...
[2026-02-14T23:54:18.693Z] [INFO] [SERVER] Stopping server 1
[2026-02-14T23:56:04.802Z] [INFO] [APP] ═══════════════════════════════════════
[2026-02-14T23:56:04.807Z] [INFO] [APP]   Looty Panel - Minecraft Server Manager
[2026-02-14T23:56:04.807Z] [INFO] [APP] ═══════════════════════════════════════
[2026-02-14T23:56:04.833Z] [INFO] [DB] Database loaded from disk
[2026-02-14T23:56:04.869Z] [INFO] [DB] Database initialized
[2026-02-14T23:56:04.991Z] [INFO] [CERTS] SSL certificates already exist
[2026-02-14T23:56:05.027Z] [INFO] [SCHEDULER] Loaded 0 scheduled tasks
[2026-02-14T23:56:05.031Z] [INFO] [APP] HTTPS server running on https://localhost:3443
[2026-02-14T23:56:05.034Z] [INFO] [APP] HTTP server running on http://localhost:3000
[2026-02-14T23:56:07.038Z] [INFO] [SERVER] Auto-starting server: Lootvoot
[2026-02-14T23:56:07.040Z] [INFO] [SERVER] Starting server Lootvoot (ID: 1)
[2026-02-14T23:56:27.337Z] [INFO] [SERVER] Server Lootvoot is now running
[2026-02-14T23:58:21.091Z] [INFO] [SERVER] Stopping server 1
[2026-02-14T23:58:22.006Z] [INFO] [SERVER] Server Lootvoot stopped gracefully
[2026-02-15T00:03:56.615Z] [INFO] [SERVER] Starting server Lootvoot (ID: 1)
[2026-02-15T00:05:41.243Z] [INFO] [SERVER] Server Lootvoot is now running
[2026-02-15T01:24:31.538Z] [INFO] [APP] Shutting down...
[2026-02-15T01:24:31.542Z] [INFO] [SERVER] Stopping server 1
[2026-02-15T01:24:31.731Z] [INFO] [APP] Shutting down...
[2026-02-15T01:24:31.733Z] [INFO] [SERVER] Stopping server 1
[2026-02-15T01:24:34.768Z] [INFO] [APP] ═══════════════════════════════════════
[2026-02-15T01:24:34.773Z] [INFO] [APP]   Looty Panel - Minecraft Server Manager
[2026-02-15T01:24:34.773Z] [INFO] [APP] ═══════════════════════════════════════
[2026-02-15T01:24:34.794Z] [INFO] [DB] Database loaded from disk
[2026-02-15T01:24:34.837Z] [INFO] [DB] Database initialized
[2026-02-15T01:24:34.998Z] [INFO] [CERTS] SSL certificates already exist
[2026-02-15T01:24:35.072Z] [INFO] [SCHEDULER] Loaded 0 scheduled tasks
[2026-02-15T01:24:35.076Z] [INFO] [APP] HTTP server running on http://localhost:3000
[2026-02-15T01:24:35.079Z] [INFO] [APP] HTTPS server running on https://localhost:3443
[2026-02-15T01:24:37.082Z] [INFO] [SERVER] Auto-starting server: Lootvoot
[2026-02-15T01:24:37.086Z] [INFO] [SERVER] Starting server Lootvoot (ID: 1)
[2026-02-15T01:26:14.324Z] [INFO] [SERVER] Server Lootvoot is now running
[2026-02-15T01:36:37.200Z] [INFO] [APP] Shutting down...
[2026-02-15T01:36:37.203Z] [INFO] [SERVER] Stopping server 1
[2026-02-15T01:36:37.405Z] [INFO] [APP] Shutting down...
[2026-02-15T01:36:37.407Z] [INFO] [SERVER] Stopping server 1
[2026-02-15T01:36:39.302Z] [INFO] [APP] ═══════════════════════════════════════
[2026-02-15T01:36:39.305Z] [INFO] [APP]   Looty Panel - Minecraft Server Manager
[2026-02-15T01:36:39.306Z] [INFO] [APP] ═══════════════════════════════════════
[2026-02-15T01:36:39.323Z] [INFO] [DB] Database loaded from disk
[2026-02-15T01:36:39.350Z] [INFO] [DB] Database initialized
[2026-02-15T01:36:39.459Z] [INFO] [CERTS] SSL certificates already exist
[2026-02-15T01:36:39.498Z] [INFO] [SCHEDULER] Loaded 0 scheduled tasks
[2026-02-15T01:36:39.503Z] [INFO] [APP] HTTP server running on http://localhost:3000
[2026-02-15T01:36:39.505Z] [INFO] [APP] HTTPS server running on https://localhost:3443
[2026-02-15T01:36:41.509Z] [INFO] [SERVER] Auto-starting server: Lootvoot
[2026-02-15T01:36:41.512Z] [INFO] [SERVER] Starting server Lootvoot (ID: 1)
[2026-02-15T01:38:21.196Z] [INFO] [SERVER] Server Lootvoot is now running
[2026-02-15T08:14:22.923Z] [INFO] [SERVER] Stopping server 1
[2026-02-15T08:14:27.102Z] [INFO] [SERVER] Server Lootvoot stopped gracefully
[2026-02-15T08:14:31.646Z] [INFO] [APP] Shutting down...
[2026-02-15T08:14:34.112Z] [INFO] [APP] ═══════════════════════════════════════
[2026-02-15T08:14:34.117Z] [INFO] [APP]   Looty Panel - Minecraft Server Manager
[2026-02-15T08:14:34.119Z] [INFO] [APP] ═══════════════════════════════════════
[2026-02-15T08:14:34.145Z] [INFO] [DB] Database loaded from disk
[2026-02-15T08:14:34.177Z] [INFO] [DB] Database initialized
[2026-02-15T08:14:34.289Z] [INFO] [CERTS] SSL certificates already exist
[2026-02-15T08:14:34.323Z] [INFO] [SCHEDULER] Loaded 0 scheduled tasks
[2026-02-15T08:14:34.326Z] [INFO] [APP] HTTPS server running on https://localhost:443
[2026-02-15T08:14:34.328Z] [INFO] [APP] HTTP server running on http://localhost:80
[2026-02-15T08:14:36.335Z] [INFO] [SERVER] Auto-starting server: Lootvoot
[2026-02-15T08:14:36.337Z] [INFO] [SERVER] Starting server Lootvoot (ID: 1)
[2026-02-15T08:15:16.431Z] [INFO] [APP] Shutting down...
[2026-02-15T08:15:16.435Z] [INFO] [SERVER] Stopping server 1
[2026-02-15T08:15:16.782Z] [INFO] [APP] Shutting down...
[2026-02-15T08:15:16.792Z] [INFO] [SERVER] Stopping server 1
[2026-02-15T08:15:18.714Z] [INFO] [APP] ═══════════════════════════════════════
[2026-02-15T08:15:18.719Z] [INFO] [APP]   Looty Panel - Minecraft Server Manager
[2026-02-15T08:15:18.720Z] [INFO] [APP] ═══════════════════════════════════════
[2026-02-15T08:15:18.735Z] [INFO] [DB] Database loaded from disk
[2026-02-15T08:15:18.758Z] [INFO] [DB] Database initialized
[2026-02-15T08:15:18.856Z] [INFO] [CERTS] SSL certificates already exist
[2026-02-15T08:15:18.880Z] [INFO] [SCHEDULER] Loaded 0 scheduled tasks
[2026-02-15T08:15:18.887Z] [INFO] [APP] HTTP server running on http://0.0.0.0:80
[2026-02-15T08:15:18.888Z] [INFO] [APP] HTTPS server running on https://0.0.0.0:443
[2026-02-15T08:15:20.886Z] [INFO] [SERVER] Auto-starting server: Lootvoot
[2026-02-15T08:15:20.888Z] [INFO] [SERVER] Starting server Lootvoot (ID: 1)
[2026-02-15T08:16:51.555Z] [INFO] [SERVER] Server Lootvoot is now running
[2026-02-15T08:18:16.324Z] [INFO] [DAEMON] Service installed successfully
[2026-02-15T08:18:42.188Z] [INFO] [APP] Shutting down...
[2026-02-15T08:18:42.191Z] [INFO] [SERVER] Stopping server 1
[2026-02-15T08:18:42.389Z] [INFO] [APP] Shutting down...
[2026-02-15T08:18:42.392Z] [INFO] [SERVER] Stopping server 1
[2026-02-15T08:18:43.992Z] [INFO] [APP] ═══════════════════════════════════════
[2026-02-15T08:18:43.998Z] [INFO] [APP]   Looty Panel - Minecraft Server Manager
[2026-02-15T08:18:44.000Z] [INFO] [APP] ═══════════════════════════════════════
[2026-02-15T08:18:44.036Z] [INFO] [DB] Database loaded from disk
[2026-02-15T08:18:44.074Z] [INFO] [DB] Database initialized
[2026-02-15T08:18:44.210Z] [INFO] [CERTS] SSL certificates already exist
[2026-02-15T08:18:44.245Z] [INFO] [SCHEDULER] Loaded 0 scheduled tasks
[2026-02-15T08:18:44.257Z] [INFO] [APP] HTTP server running on http://0.0.0.0:80
[2026-02-15T08:18:44.258Z] [INFO] [APP] HTTPS server running on https://0.0.0.0:443
[2026-02-15T08:18:46.248Z] [INFO] [SERVER] Auto-starting server: Lootvoot
[2026-02-15T08:18:46.250Z] [INFO] [SERVER] Starting server Lootvoot (ID: 1)
[2026-02-15T08:20:05.749Z] [INFO] [SERVER] Server Lootvoot is now running
[2026-02-15T08:24:13.292Z] [INFO] [APP] Shutting down...
[2026-02-15T08:24:13.295Z] [INFO] [SERVER] Stopping server 1
[2026-02-15T08:24:13.493Z] [INFO] [APP] Shutting down...
[2026-02-15T08:24:13.494Z] [INFO] [SERVER] Stopping server 1
[2026-02-15T08:24:15.267Z] [INFO] [APP] ═══════════════════════════════════════
[2026-02-15T08:24:15.271Z] [INFO] [APP]   Looty Panel - Minecraft Server Manager
[2026-02-15T08:24:15.272Z] [INFO] [APP] ═══════════════════════════════════════
[2026-02-15T08:24:15.292Z] [INFO] [DB] Database loaded from disk
[2026-02-15T08:24:15.325Z] [INFO] [DB] Database initialized
[2026-02-15T08:24:15.469Z] [INFO] [CERTS] SSL certificates already exist
[2026-02-15T08:24:15.513Z] [INFO] [SCHEDULER] Loaded 0 scheduled tasks
[2026-02-15T08:24:15.524Z] [INFO] [APP] HTTP server running on http://0.0.0.0:80
[2026-02-15T08:24:15.526Z] [INFO] [APP] HTTPS server running on https://0.0.0.0:443
[2026-02-15T08:24:17.529Z] [INFO] [SERVER] Auto-starting server: Lootvoot
[2026-02-15T08:24:17.531Z] [INFO] [SERVER] Starting server Lootvoot (ID: 1)
[2026-02-15T08:25:41.403Z] [INFO] [SERVER] Server Lootvoot is now running
[2026-02-15T08:32:06.944Z] [INFO] [BACKUP] Creating backup for Lootvoot...
[2026-02-15T08:32:16.790Z] [ERROR] [BACKUP] Backup failed "EBUSY: resource busy or locked, read"
[2026-02-15T08:32:16.791Z] [ERROR] [ROUTE] Create backup error "EBUSY: resource busy or locked, read"
[2026-02-15T08:44:12.688Z] [INFO] [APP] ═══════════════════════════════════════
[2026-02-15T08:44:12.707Z] [INFO] [APP]   Looty Panel - Minecraft Server Manager
[2026-02-15T08:44:12.708Z] [INFO] [APP] ═══════════════════════════════════════
[2026-02-15T08:44:12.736Z] [INFO] [DB] Database loaded from disk
[2026-02-15T08:44:12.760Z] [INFO] [DB] Database initialized
[2026-02-15T08:44:12.846Z] [INFO] [CERTS] SSL certificates already exist
[2026-02-15T08:44:12.901Z] [INFO] [SCHEDULER] Loaded 0 scheduled tasks
[2026-02-15T08:46:50.403Z] [INFO] [APP] ═══════════════════════════════════════
[2026-02-15T08:46:50.406Z] [INFO] [APP]   Looty Panel - Minecraft Server Manager
[2026-02-15T08:46:50.407Z] [INFO] [APP] ═══════════════════════════════════════
[2026-02-15T08:46:50.427Z] [INFO] [DB] Database loaded from disk
[2026-02-15T08:46:50.449Z] [INFO] [DB] Database initialized
[2026-02-15T08:46:50.533Z] [INFO] [CERTS] SSL certificates already exist
[2026-02-15T08:46:50.559Z] [INFO] [SCHEDULER] Loaded 0 scheduled tasks
[2026-02-15T08:46:50.567Z] [INFO] [APP] HTTP server running on http://0.0.0.0:80
[2026-02-15T08:46:50.568Z] [INFO] [APP] HTTPS server running on https://0.0.0.0:443
[2026-02-15T08:46:52.565Z] [INFO] [SERVER] Auto-starting server: Lootvoot
[2026-02-15T08:46:52.567Z] [INFO] [SERVER] Starting server Lootvoot (ID: 1)
[2026-02-15T08:49:00.643Z] [INFO] [SERVER] Server Lootvoot is now running
[2026-02-15T08:51:32.026Z] [INFO] [APP] ═══════════════════════════════════════
[2026-02-15T08:51:32.031Z] [INFO] [APP]   Looty Panel - Minecraft Server Manager
[2026-02-15T08:51:32.032Z] [INFO] [APP] ═══════════════════════════════════════
[2026-02-15T08:51:32.063Z] [INFO] [DB] Database loaded from disk
[2026-02-15T08:51:32.111Z] [INFO] [DB] Database initialized
[2026-02-15T08:51:32.234Z] [INFO] [CERTS] SSL certificates already exist
[2026-02-15T08:51:32.291Z] [INFO] [SCHEDULER] Loaded 0 scheduled tasks
[2026-02-15T08:51:51.459Z] [INFO] [DAEMON] Service uninstalled
[2026-02-15T08:52:25.526Z] [INFO] [DAEMON] Service installed successfully
[2026-02-15T08:52:40.428Z] [INFO] [APP] ═══════════════════════════════════════
[2026-02-15T08:52:40.431Z] [INFO] [APP]   Looty Panel - Minecraft Server Manager
[2026-02-15T08:52:40.433Z] [INFO] [APP] ═══════════════════════════════════════
[2026-02-15T08:52:40.453Z] [INFO] [DB] Database loaded from disk
[2026-02-15T08:52:40.474Z] [INFO] [DB] Database initialized
[2026-02-15T08:52:40.538Z] [INFO] [CERTS] SSL certificates already exist
[2026-02-15T08:52:40.558Z] [INFO] [SCHEDULER] Loaded 0 scheduled tasks
[2026-02-15T08:53:35.190Z] [INFO] [DAEMON] Service uninstalled
[2026-02-15T08:56:03.525Z] [INFO] [APP] ═══════════════════════════════════════
[2026-02-15T08:56:03.544Z] [INFO] [APP]   Looty Panel - Minecraft Server Manager
[2026-02-15T08:56:03.546Z] [INFO] [APP] ═══════════════════════════════════════
[2026-02-15T08:56:03.583Z] [INFO] [DB] Database loaded from disk
[2026-02-15T08:56:03.627Z] [INFO] [DB] Database initialized
[2026-02-15T08:56:03.757Z] [INFO] [CERTS] SSL certificates already exist
[2026-02-15T08:56:03.814Z] [INFO] [SCHEDULER] Loaded 0 scheduled tasks
[2026-02-15T08:56:40.544Z] [INFO] [APP] ═══════════════════════════════════════
[2026-02-15T08:56:40.547Z] [INFO] [APP]   Looty Panel - Minecraft Server Manager
[2026-02-15T08:56:40.548Z] [INFO] [APP] ═══════════════════════════════════════
[2026-02-15T08:56:40.565Z] [INFO] [DB] Database loaded from disk
[2026-02-15T08:56:40.592Z] [INFO] [DB] Database initialized
[2026-02-15T08:56:40.694Z] [INFO] [CERTS] SSL certificates already exist
[2026-02-15T08:56:40.717Z] [INFO] [SCHEDULER] Loaded 0 scheduled tasks
[2026-02-15T08:59:32.822Z] [INFO] [APP] ═══════════════════════════════════════
[2026-02-15T08:59:32.841Z] [INFO] [APP]   Looty Panel - Minecraft Server Manager
[2026-02-15T08:59:32.842Z] [INFO] [APP] ═══════════════════════════════════════
[2026-02-15T08:59:32.879Z] [INFO] [DB] Database loaded from disk
[2026-02-15T08:59:32.932Z] [INFO] [DB] Database initialized
[2026-02-15T08:59:33.077Z] [INFO] [CERTS] SSL certificates already exist
[2026-02-15T08:59:33.146Z] [INFO] [SCHEDULER] Loaded 0 scheduled tasks
[2026-02-15T08:59:33.162Z] [INFO] [APP] HTTP server running on http://0.0.0.0:80
[2026-02-15T08:59:33.163Z] [INFO] [APP] HTTPS server running on https://0.0.0.0:443
[2026-02-15T08:59:35.155Z] [INFO] [SERVER] Auto-starting server: Lootvoot
[2026-02-15T08:59:35.160Z] [INFO] [SERVER] Starting server Lootvoot (ID: 1)
[2026-02-15T09:00:28.745Z] [INFO] [APP] ═══════════════════════════════════════
[2026-02-15T09:00:28.749Z] [INFO] [APP]   Looty Panel - Minecraft Server Manager
[2026-02-15T09:00:28.750Z] [INFO] [APP] ═══════════════════════════════════════
[2026-02-15T09:00:28.779Z] [INFO] [DB] Database loaded from disk
[2026-02-15T09:00:28.823Z] [INFO] [DB] Database initialized
[2026-02-15T09:00:28.994Z] [INFO] [CERTS] SSL certificates already exist
[2026-02-15T09:00:29.073Z] [INFO] [SCHEDULER] Loaded 0 scheduled tasks
[2026-02-15T09:00:29.633Z] [INFO] [DAEMON] Service installed successfully
[2026-02-15T09:00:31.497Z] [INFO] [APP] ═══════════════════════════════════════
[2026-02-15T09:00:31.502Z] [INFO] [APP]   Looty Panel - Minecraft Server Manager
[2026-02-15T09:00:31.504Z] [INFO] [APP] ═══════════════════════════════════════
[2026-02-15T09:00:31.561Z] [INFO] [DB] Database loaded from disk
[2026-02-15T09:00:31.626Z] [INFO] [DB] Database initialized
[2026-02-15T09:00:31.804Z] [INFO] [CERTS] SSL certificates already exist
[2026-02-15T09:00:31.861Z] [INFO] [SCHEDULER] Loaded 0 scheduled tasks
[2026-02-15T09:00:34.268Z] [INFO] [APP] ═══════════════════════════════════════
[2026-02-15T09:00:34.272Z] [INFO] [APP]   Looty Panel - Minecraft Server Manager
[2026-02-15T09:00:34.273Z] [INFO] [APP] ═══════════════════════════════════════
[2026-02-15T09:00:34.295Z] [INFO] [DB] Database loaded from disk
[2026-02-15T09:00:34.334Z] [INFO] [DB] Database initialized
[2026-02-15T09:00:34.411Z] [INFO] [CERTS] SSL certificates already exist
[2026-02-15T09:00:34.439Z] [INFO] [SCHEDULER] Loaded 0 scheduled tasks
[2026-02-15T09:01:39.097Z] [INFO] [SERVER] Server Lootvoot is now running
[2026-02-15T09:05:16.926Z] [INFO] [APP] Shutting down...
[2026-02-15T09:05:16.931Z] [INFO] [SERVER] Stopping server 1
[2026-02-15T09:05:17.145Z] [INFO] [APP] Shutting down...
[2026-02-15T09:05:17.148Z] [INFO] [SERVER] Stopping server 1
[2026-02-15T09:05:18.956Z] [INFO] [APP] ═══════════════════════════════════════
[2026-02-15T09:05:18.962Z] [INFO] [APP]   Looty Panel - Minecraft Server Manager
[2026-02-15T09:05:18.963Z] [INFO] [APP] ═══════════════════════════════════════
[2026-02-15T09:05:18.996Z] [INFO] [DB] Database loaded from disk
[2026-02-15T09:05:19.033Z] [INFO] [DB] Database initialized
[2026-02-15T09:05:19.180Z] [INFO] [CERTS] SSL certificates already exist
[2026-02-15T09:05:19.231Z] [INFO] [SCHEDULER] Loaded 0 scheduled tasks
[2026-02-15T09:05:19.251Z] [INFO] [APP] HTTP server running on http://0.0.0.0:80
[2026-02-15T09:05:19.272Z] [INFO] [APP] HTTPS server running on https://0.0.0.0:443
[2026-02-15T09:05:21.241Z] [INFO] [SERVER] Auto-starting server: Lootvoot
[2026-02-15T09:05:21.245Z] [INFO] [SERVER] Starting server Lootvoot (ID: 1)
[2026-02-15T09:06:28.894Z] [INFO] [APP] Shutting down...
[2026-02-15T09:06:28.897Z] [INFO] [SERVER] Stopping server 1
[2026-02-15T09:06:29.104Z] [INFO] [APP] Shutting down...
[2026-02-15T09:06:29.106Z] [INFO] [SERVER] Stopping server 1
[2026-02-15T09:06:31.029Z] [INFO] [APP] ═══════════════════════════════════════
[2026-02-15T09:06:31.033Z] [INFO] [APP]   Looty Panel - Minecraft Server Manager
[2026-02-15T09:06:31.034Z] [INFO] [APP] ═══════════════════════════════════════
[2026-02-15T09:06:31.053Z] [INFO] [DB] Database loaded from disk
[2026-02-15T09:06:31.084Z] [INFO] [DB] Database initialized
[2026-02-15T09:06:31.172Z] [INFO] [CERTS] SSL certificates already exist
[2026-02-15T09:06:31.197Z] [INFO] [SCHEDULER] Loaded 0 scheduled tasks
[2026-02-15T09:06:31.206Z] [INFO] [APP] HTTP server running on http://0.0.0.0:80
[2026-02-15T09:06:31.207Z] [INFO] [APP] HTTPS server running on https://0.0.0.0:443
[2026-02-15T09:06:33.205Z] [INFO] [SERVER] Auto-starting server: Lootvoot
[2026-02-15T09:06:33.207Z] [INFO] [SERVER] Starting server Lootvoot (ID: 1)
[2026-02-15T09:06:43.755Z] [INFO] [APP] ═══════════════════════════════════════
[2026-02-15T09:06:43.759Z] [INFO] [APP]   Looty Panel - Minecraft Server Manager
[2026-02-15T09:06:43.759Z] [INFO] [APP] ═══════════════════════════════════════
[2026-02-15T09:06:43.784Z] [INFO] [DB] Database loaded from disk
[2026-02-15T09:06:43.821Z] [INFO] [DB] Database initialized
[2026-02-15T09:06:43.920Z] [INFO] [CERTS] SSL certificates already exist
[2026-02-15T09:06:43.949Z] [INFO] [SCHEDULER] Loaded 0 scheduled tasks
[2026-02-15T09:06:44.302Z] [INFO] [DAEMON] Service installed successfully
[2026-02-15T09:06:45.967Z] [INFO] [APP] ═══════════════════════════════════════
[2026-02-15T09:06:45.971Z] [INFO] [APP]   Looty Panel - Minecraft Server Manager
[2026-02-15T09:06:45.972Z] [INFO] [APP] ═══════════════════════════════════════
[2026-02-15T09:06:45.995Z] [INFO] [DB] Database loaded from disk
[2026-02-15T09:06:46.022Z] [INFO] [DB] Database initialized
[2026-02-15T09:06:46.098Z] [INFO] [CERTS] SSL certificates already exist
[2026-02-15T09:06:46.128Z] [INFO] [SCHEDULER] Loaded 0 scheduled tasks
[2026-02-15T09:06:49.120Z] [INFO] [APP] ═══════════════════════════════════════
[2026-02-15T09:06:49.133Z] [INFO] [APP]   Looty Panel - Minecraft Server Manager
[2026-02-15T09:06:49.134Z] [INFO] [APP] ═══════════════════════════════════════
[2026-02-15T09:06:49.173Z] [INFO] [DB] Database loaded from disk
[2026-02-15T09:06:49.222Z] [INFO] [DB] Database initialized
[2026-02-15T09:06:49.397Z] [INFO] [CERTS] SSL certificates already exist
[2026-02-15T09:06:49.445Z] [INFO] [SCHEDULER] Loaded 0 scheduled tasks
[2026-02-15T09:07:10.004Z] [INFO] [APP] Shutting down...
[2026-02-15T09:07:10.008Z] [INFO] [SERVER] Stopping server 1
[2026-02-15T09:07:10.206Z] [INFO] [APP] Shutting down...
[2026-02-15T09:07:10.212Z] [INFO] [SERVER] Stopping server 1
[2026-02-15T09:07:15.913Z] [INFO] [APP] ═══════════════════════════════════════
[2026-02-15T09:07:15.916Z] [INFO] [APP]   Looty Panel - Minecraft Server Manager
[2026-02-15T09:07:15.918Z] [INFO] [APP] ═══════════════════════════════════════
[2026-02-15T09:07:15.941Z] [INFO] [DB] Database loaded from disk
[2026-02-15T09:07:15.971Z] [INFO] [DB] Database initialized
[2026-02-15T09:07:16.068Z] [INFO] [CERTS] SSL certificates already exist
[2026-02-15T09:07:16.096Z] [INFO] [SCHEDULER] Loaded 0 scheduled tasks
[2026-02-15T09:07:16.107Z] [INFO] [APP] HTTP server running on http://0.0.0.0:80
[2026-02-15T09:07:16.108Z] [INFO] [APP] HTTPS server running on https://0.0.0.0:443
[2026-02-15T09:07:18.112Z] [INFO] [SERVER] Auto-starting server: Lootvoot
[2026-02-15T09:07:18.114Z] [INFO] [SERVER] Starting server Lootvoot (ID: 1)
[2026-02-15T09:08:55.099Z] [INFO] [APP] ═══════════════════════════════════════
[2026-02-15T09:08:55.105Z] [INFO] [APP]   Looty Panel - Minecraft Server Manager
[2026-02-15T09:08:55.107Z] [INFO] [APP] ═══════════════════════════════════════
[2026-02-15T09:08:55.136Z] [INFO] [DB] Database loaded from disk
[2026-02-15T09:08:55.180Z] [INFO] [DB] Database initialized
[2026-02-15T09:08:55.298Z] [INFO] [CERTS] SSL certificates already exist
[2026-02-15T09:08:55.337Z] [INFO] [SCHEDULER] Loaded 0 scheduled tasks
[2026-02-15T09:08:55.356Z] [INFO] [APP] HTTP server running on http://0.0.0.0:80
[2026-02-15T09:08:55.359Z] [INFO] [APP] HTTPS server running on https://0.0.0.0:443
[2026-02-15T09:08:56.766Z] [INFO] [APP] Shutting down...
[2026-02-15T09:11:58.011Z] [INFO] [APP] ═══════════════════════════════════════
[2026-02-15T09:11:58.015Z] [INFO] [APP]   Looty Panel - Minecraft Server Manager
[2026-02-15T09:11:58.016Z] [INFO] [APP] ═══════════════════════════════════════
[2026-02-15T09:11:58.036Z] [INFO] [DB] Database loaded from disk
[2026-02-15T09:11:58.069Z] [INFO] [DB] Database initialized
[2026-02-15T09:11:58.187Z] [INFO] [CERTS] SSL certificates already exist
[2026-02-15T09:11:58.216Z] [INFO] [SCHEDULER] Loaded 0 scheduled tasks
[2026-02-15T09:11:58.225Z] [INFO] [APP] HTTP server running on http://0.0.0.0:80
[2026-02-15T09:11:58.226Z] [INFO] [APP] HTTPS server running on https://0.0.0.0:443
[2026-02-15T09:12:00.219Z] [INFO] [SERVER] Auto-starting server: Lootvoot
[2026-02-15T09:12:00.221Z] [INFO] [SERVER] Starting server Lootvoot (ID: 1)
[2026-02-15T09:12:27.881Z] [INFO] [APP] Shutting down...
[2026-02-15T09:12:27.884Z] [INFO] [SERVER] Stopping server 1
[2026-02-15T09:12:28.101Z] [INFO] [APP] Shutting down...
[2026-02-15T09:12:28.103Z] [INFO] [SERVER] Stopping server 1
[2026-02-15T09:12:38.577Z] [INFO] [APP] ═══════════════════════════════════════
[2026-02-15T09:12:38.583Z] [INFO] [APP]   Looty Panel - Minecraft Server Manager
[2026-02-15T09:12:38.587Z] [INFO] [APP] ═══════════════════════════════════════
[2026-02-15T09:12:38.623Z] [INFO] [DB] Database loaded from disk
[2026-02-15T09:12:38.665Z] [INFO] [DB] Database initialized
[2026-02-15T09:12:38.799Z] [INFO] [CERTS] SSL certificates already exist
[2026-02-15T09:12:38.841Z] [INFO] [SCHEDULER] Loaded 0 scheduled tasks
[2026-02-15T09:12:38.858Z] [INFO] [APP] HTTP server running on http://0.0.0.0:80
[2026-02-15T09:12:38.861Z] [INFO] [APP] HTTPS server running on https://0.0.0.0:443
[2026-02-15T09:12:40.862Z] [INFO] [SERVER] Auto-starting server: Lootvoot
[2026-02-15T09:12:40.866Z] [INFO] [SERVER] Starting server Lootvoot (ID: 1)
[2026-02-15T09:12:51.694Z] [INFO] [DAEMON] Service installed successfully
[2026-02-15T09:14:00.648Z] [INFO] [APP] Shutting down...
[2026-02-15T09:14:00.656Z] [INFO] [SERVER] Stopping server 1
[2026-02-15T09:14:00.675Z] [INFO] [APP] Shutting down...
[2026-02-15T09:14:00.678Z] [INFO] [SERVER] Stopping server 1
[2026-02-15T09:15:05.928Z] [INFO] [APP] ═══════════════════════════════════════
[2026-02-15T09:15:05.932Z] [INFO] [APP]   Looty Panel - Minecraft Server Manager
[2026-02-15T09:15:05.934Z] [INFO] [APP] ═══════════════════════════════════════
[2026-02-15T09:15:05.960Z] [INFO] [DB] Database loaded from disk
[2026-02-15T09:15:05.993Z] [INFO] [DB] Database initialized
[2026-02-15T09:15:06.120Z] [INFO] [CERTS] SSL certificates already exist
[2026-02-15T09:15:06.195Z] [INFO] [SCHEDULER] Loaded 0 scheduled tasks
[2026-02-15T09:15:06.212Z] [INFO] [APP] HTTP server running on http://0.0.0.0:80
[2026-02-15T09:15:06.214Z] [INFO] [APP] HTTPS server running on https://0.0.0.0:443
[2026-02-15T09:15:08.208Z] [INFO] [SERVER] Auto-starting server: Lootvoot
[2026-02-15T09:15:08.213Z] [INFO] [SERVER] Starting server Lootvoot (ID: 1)
[2026-02-15T09:15:13.412Z] [INFO] [DAEMON] Service installed successfully
[2026-02-15T09:15:25.147Z] [INFO] [APP] Shutting down...
[2026-02-15T09:15:25.153Z] [INFO] [SERVER] Stopping server 1
[2026-02-15T09:15:25.264Z] [INFO] [APP] Shutting down...
[2026-02-15T09:15:25.269Z] [INFO] [SERVER] Stopping server 1
[2026-02-15T21:01:36.185Z] [INFO] [APP] ═══════════════════════════════════════
[2026-02-15T21:01:36.190Z] [INFO] [APP]   Looty Panel - Minecraft Server Manager
[2026-02-15T21:01:36.191Z] [INFO] [APP] ═══════════════════════════════════════
[2026-02-15T21:01:36.207Z] [INFO] [DB] Database loaded from disk
[2026-02-15T21:01:36.231Z] [INFO] [DB] Database initialized
[2026-02-15T21:01:36.349Z] [INFO] [CERTS] SSL certificates already exist
[2026-02-15T21:01:36.389Z] [INFO] [SCHEDULER] Loaded 0 scheduled tasks
[2026-02-15T21:01:36.404Z] [INFO] [APP] HTTP server running on http://0.0.0.0:80
[2026-02-15T21:01:36.406Z] [INFO] [APP] HTTPS server running on https://0.0.0.0:443
[2026-02-15T21:01:38.398Z] [INFO] [SERVER] Auto-starting server: Lootvoot
[2026-02-15T21:01:38.400Z] [INFO] [SERVER] Starting server Lootvoot (ID: 1)
[2026-02-15T21:02:08.445Z] [INFO] [DAEMON] Service installed successfully
[2026-02-15T21:03:44.138Z] [INFO] [SERVER] Server Lootvoot is now running
[2026-02-15T21:30:38.808Z] [INFO] [APP] Shutting down...
[2026-02-15T21:30:38.812Z] [INFO] [SERVER] Stopping server 1
[2026-02-15T21:30:39.010Z] [INFO] [APP] Shutting down...
[2026-02-15T21:30:39.011Z] [INFO] [SERVER] Stopping server 1
[2026-02-15T21:30:40.378Z] [INFO] [APP] ═══════════════════════════════════════
[2026-02-15T21:30:40.388Z] [INFO] [APP]   Looty Panel - Minecraft Server Manager
[2026-02-15T21:30:40.390Z] [INFO] [APP] ═══════════════════════════════════════
[2026-02-15T21:30:40.423Z] [INFO] [DB] Database loaded from disk
[2026-02-15T21:30:40.478Z] [INFO] [DB] Database initialized
[2026-02-15T21:30:40.619Z] [INFO] [CERTS] SSL certificates already exist
[2026-02-15T21:30:40.740Z] [INFO] [SCHEDULER] Loaded 0 scheduled tasks
[2026-02-15T21:30:40.752Z] [INFO] [APP] HTTP server running on http://0.0.0.0:80
[2026-02-15T21:30:40.754Z] [INFO] [APP] HTTPS server running on https://0.0.0.0:443
[2026-02-15T21:30:42.755Z] [INFO] [SERVER] Auto-starting server: Lootvoot
[2026-02-15T21:30:42.758Z] [INFO] [SERVER] Starting server Lootvoot (ID: 1)
[2026-02-15T21:30:57.397Z] [INFO] [APP] ═══════════════════════════════════════
[2026-02-15T21:30:57.401Z] [INFO] [APP]   Looty Panel - Minecraft Server Manager
[2026-02-15T21:30:57.402Z] [INFO] [APP] ═══════════════════════════════════════
[2026-02-15T21:30:57.433Z] [INFO] [DB] Database loaded from disk
[2026-02-15T21:30:57.461Z] [INFO] [DB] Database initialized
[2026-02-15T21:30:57.586Z] [INFO] [CERTS] SSL certificates already exist
[2026-02-15T21:30:57.710Z] [INFO] [SCHEDULER] Loaded 0 scheduled tasks
[2026-02-15T21:30:57.726Z] [ERROR] [APP] HTTP failed to listen "listen EADDRINUSE: address already in use 0.0.0.0:80"
[2026-02-15T21:30:57.727Z] [ERROR] [APP] Port already in use. Stop the other app or set HTTP_PORT/HTTPS_PORT to different ports.
[2026-02-15T21:30:57.728Z] [ERROR] [APP] HTTPS failed to listen "listen EADDRINUSE: address already in use 0.0.0.0:443"
[2026-02-15T21:30:57.729Z] [ERROR] [APP] Port already in use. Stop the other app or set HTTP_PORT/HTTPS_PORT to different ports.
[2026-02-15T21:30:56.249Z] [INFO] [DAEMON] Service installed successfully
[2026-02-15T21:30:59.719Z] [INFO] [SERVER] Auto-starting server: Lootvoot
[2026-02-15T21:30:59.721Z] [INFO] [SERVER] Starting server Lootvoot (ID: 1)
[2026-02-15T21:31:21.101Z] [INFO] [SERVER] Server Lootvoot stopped (exit code: 0)
[2026-02-15T21:31:38.565Z] [INFO] [APP] Shutting down...
[2026-02-15T21:31:38.570Z] [INFO] [SERVER] Stopping server 1
[2026-02-15T21:31:38.780Z] [INFO] [APP] Shutting down...
[2026-02-15T21:31:38.784Z] [INFO] [SERVER] Stopping server 1
[2026-02-15T21:31:50.993Z] [INFO] [APP] ═══════════════════════════════════════
[2026-02-15T21:31:50.996Z] [INFO] [APP]   Looty Panel - Minecraft Server Manager
[2026-02-15T21:31:50.997Z] [INFO] [APP] ═══════════════════════════════════════
[2026-02-15T21:31:51.012Z] [INFO] [DB] Database loaded from disk
[2026-02-15T21:31:51.031Z] [INFO] [DB] Database initialized
[2026-02-15T21:31:51.101Z] [INFO] [CERTS] SSL certificates already exist
[2026-02-15T21:31:51.126Z] [INFO] [SCHEDULER] Loaded 0 scheduled tasks
[2026-02-15T21:31:51.133Z] [INFO] [APP] HTTP server running on http://0.0.0.0:80
[2026-02-15T21:31:51.134Z] [INFO] [APP] HTTPS server running on https://0.0.0.0:443
[2026-02-15T21:31:53.142Z] [INFO] [SERVER] Auto-starting server: Lootvoot
[2026-02-15T21:31:53.143Z] [INFO] [SERVER] Starting server Lootvoot (ID: 1)
[2026-02-15T22:04:34.234Z] [INFO] [APP] ═══════════════════════════════════════
[2026-02-15T22:04:34.237Z] [INFO] [APP]   Looty Panel - Minecraft Server Manager
[2026-02-15T22:04:34.238Z] [INFO] [APP] ═══════════════════════════════════════
[2026-02-15T22:04:34.259Z] [INFO] [DB] Database loaded from disk
[2026-02-15T22:04:34.293Z] [INFO] [DB] Database initialized
[2026-02-15T22:04:34.465Z] [INFO] [CERTS] SSL certificates already exist
[2026-02-15T22:04:34.488Z] [INFO] [SCHEDULER] Loaded 0 scheduled tasks
[2026-02-15T22:04:34.498Z] [INFO] [APP] HTTP server running on http://0.0.0.0:80
[2026-02-15T22:04:34.499Z] [INFO] [APP] HTTPS server running on https://0.0.0.0:443
[2026-02-15T22:04:36.490Z] [INFO] [SERVER] Auto-starting server: Lootvoot
[2026-02-15T22:04:36.495Z] [ERROR] [SERVER] Failed to auto-start Lootvoot "JAR file not found: C:\\Users\\TVD\\Desktop\\lootypanel\\servers\\Lootvoot_1771108957457\\server.jar"
[2026-02-15T22:04:56.939Z] [INFO] [APP] Shutting down...
[2026-02-15T22:13:32.905Z] [INFO] [APP] ═══════════════════════════════════════
[2026-02-15T22:13:32.908Z] [INFO] [APP]   Looty Panel - Minecraft Server Manager
[2026-02-15T22:13:32.909Z] [INFO] [APP] ═══════════════════════════════════════
[2026-02-15T22:13:32.924Z] [INFO] [DB] Database loaded from disk
[2026-02-15T22:13:32.954Z] [INFO] [DB] Database initialized
[2026-02-15T22:13:33.091Z] [INFO] [CERTS] SSL certificates already exist
[2026-02-15T22:13:33.106Z] [INFO] [SCHEDULER] Loaded 0 scheduled tasks
[2026-02-15T22:13:33.114Z] [INFO] [APP] HTTP server running on http://0.0.0.0:80
[2026-02-15T22:13:33.115Z] [INFO] [APP] HTTPS server running on https://0.0.0.0:443
[2026-02-15T22:13:35.109Z] [INFO] [SERVER] Auto-starting server: Lootvoot
[2026-02-15T22:13:35.111Z] [ERROR] [SERVER] Failed to auto-start Lootvoot "JAR file not found: C:\\Users\\TVD\\Desktop\\lootypanel\\servers\\Lootvoot_1771108957457\\server.jar"
[2026-02-15T22:13:38.547Z] [INFO] [APP] Shutting down...
[2026-02-15T22:19:11.557Z] [INFO] [APP] ═══════════════════════════════════════
[2026-02-15T22:19:11.583Z] [INFO] [APP]   Looty Panel - Minecraft Server Manager
[2026-02-15T22:19:11.587Z] [INFO] [APP] ═══════════════════════════════════════
[2026-02-15T22:19:11.629Z] [INFO] [DB] Database loaded from disk
[2026-02-15T22:19:11.710Z] [INFO] [DB] Database initialized
[2026-02-15T22:19:11.965Z] [INFO] [CERTS] SSL certificates already exist
[2026-02-15T22:19:12.003Z] [INFO] [SCHEDULER] Loaded 0 scheduled tasks
[2026-02-15T22:19:12.024Z] [INFO] [APP] HTTP server running on http://0.0.0.0:80
[2026-02-15T22:19:12.032Z] [INFO] [APP] HTTPS server running on https://0.0.0.0:443
[2026-02-15T22:19:14.017Z] [INFO] [SERVER] Auto-starting server: Lootvoot
[2026-02-15T22:19:14.020Z] [ERROR] [SERVER] Failed to auto-start Lootvoot "JAR file not found: C:\\Users\\TVD\\Desktop\\lootypanel\\servers\\Lootvoot_1771108957457\\server.jar"
[2026-02-15T23:02:44.873Z] [INFO] [APP] ═══════════════════════════════════════
[2026-02-15T23:02:44.876Z] [INFO] [APP]   Looty Panel - Minecraft Server Manager
[2026-02-15T23:02:44.877Z] [INFO] [APP] ═══════════════════════════════════════
[2026-02-15T23:02:44.894Z] [INFO] [DB] Database loaded from disk
[2026-02-15T23:02:44.920Z] [INFO] [DB] Database initialized
[2026-02-15T23:02:45.080Z] [INFO] [CERTS] SSL certificates already exist
[2026-02-15T23:02:45.101Z] [INFO] [SCHEDULER] Loaded 0 scheduled tasks
[2026-02-15T23:02:45.129Z] [INFO] [APP] HTTP server running on http://0.0.0.0:80
[2026-02-15T23:02:45.180Z] [INFO] [APP] HTTPS server running on https://0.0.0.0:443
[2026-02-15T23:02:47.108Z] [INFO] [SERVER] Auto-starting server: Lootvoot
[2026-02-15T23:02:47.109Z] [INFO] [SERVER] Starting server Lootvoot (ID: 1)
[2026-02-15T23:04:03.782Z] [INFO] [SERVER] Server Lootvoot is now running
